{"D:\\Task-Tracker\\backend\\src\\database\\models\\project.model.ts": {"path":"D:\\Task-Tracker\\backend\\src\\database\\models\\project.model.ts","statementMap":{"0":{"start":{"line":6,"column":0},"end":{"line":32,"column":null}}},"fnMap":{},"branchMap":{},"s":{"0":4},"f":{},"b":{},"meta":{"lastBranch":0,"lastFunction":0,"lastStatement":1,"seen":{"s:6:0:32:Infinity":0},"fnNames":{}}}
,"D:\\Task-Tracker\\backend\\src\\database\\models\\task-audit-log.model.ts": {"path":"D:\\Task-Tracker\\backend\\src\\database\\models\\task-audit-log.model.ts","statementMap":{"0":{"start":{"line":6,"column":0},"end":{"line":54,"column":null}}},"fnMap":{},"branchMap":{},"s":{"0":4},"f":{},"b":{},"meta":{"lastBranch":0,"lastFunction":0,"lastStatement":1,"seen":{"s:6:0:54:Infinity":0},"fnNames":{}}}
,"D:\\Task-Tracker\\backend\\src\\database\\models\\task.model.ts": {"path":"D:\\Task-Tracker\\backend\\src\\database\\models\\task.model.ts","statementMap":{"0":{"start":{"line":6,"column":0},"end":{"line":50,"column":null}}},"fnMap":{},"branchMap":{},"s":{"0":4},"f":{},"b":{},"meta":{"lastBranch":0,"lastFunction":0,"lastStatement":1,"seen":{"s:6:0:50:Infinity":0},"fnNames":{}}}
,"D:\\Task-Tracker\\backend\\src\\database\\models\\time-entry.model.ts": {"path":"D:\\Task-Tracker\\backend\\src\\database\\models\\time-entry.model.ts","statementMap":{"0":{"start":{"line":6,"column":0},"end":{"line":44,"column":null}}},"fnMap":{},"branchMap":{},"s":{"0":4},"f":{},"b":{},"meta":{"lastBranch":0,"lastFunction":0,"lastStatement":1,"seen":{"s:6:0:44:Infinity":0},"fnNames":{}}}
,"D:\\Task-Tracker\\backend\\src\\database\\models\\user.model.ts": {"path":"D:\\Task-Tracker\\backend\\src\\database\\models\\user.model.ts","statementMap":{"0":{"start":{"line":6,"column":0},"end":{"line":42,"column":null}}},"fnMap":{},"branchMap":{},"s":{"0":4},"f":{},"b":{},"meta":{"lastBranch":0,"lastFunction":0,"lastStatement":1,"seen":{"s:6:0:42:Infinity":0},"fnNames":{}}}
,"D:\\Task-Tracker\\backend\\src\\middlewares\\auth.middleware.ts": {"path":"D:\\Task-Tracker\\backend\\src\\middlewares\\auth.middleware.ts","statementMap":{"0":{"start":{"line":15,"column":16},"end":{"line":15,"column":null}},"1":{"start":{"line":17,"column":2},"end":{"line":19,"column":null}},"2":{"start":{"line":18,"column":4},"end":{"line":18,"column":null}},"3":{"start":{"line":21,"column":2},"end":{"line":28,"column":null}},"4":{"start":{"line":22,"column":20},"end":{"line":22,"column":null}},"5":{"start":{"line":24,"column":4},"end":{"line":24,"column":null}},"6":{"start":{"line":25,"column":4},"end":{"line":25,"column":null}},"7":{"start":{"line":27,"column":4},"end":{"line":27,"column":null}}},"fnMap":{"0":{"name":"authenticateToken","decl":{"start":{"line":10,"column":16},"end":{"line":10,"column":null}},"loc":{"start":{"line":14,"column":2},"end":{"line":29,"column":null}},"line":14}},"branchMap":{"0":{"loc":{"start":{"line":17,"column":2},"end":{"line":19,"column":null}},"type":"if","locations":[{"start":{"line":17,"column":2},"end":{"line":19,"column":null}},{"start":{},"end":{}}],"line":17}},"s":{"0":3,"1":3,"2":1,"3":2,"4":2,"5":2,"6":2,"7":1},"f":{"0":3},"b":{"0":[1,2]},"meta":{"lastBranch":1,"lastFunction":1,"lastStatement":8,"seen":{"f:10:16:10:Infinity":0,"s:15:16:15:Infinity":0,"b:17:2:19:Infinity:undefined:undefined:undefined:undefined":0,"s:17:2:19:Infinity":1,"s:18:4:18:Infinity":2,"s:21:2:28:Infinity":3,"s:22:20:22:Infinity":4,"s:24:4:24:Infinity":5,"s:25:4:25:Infinity":6,"s:27:4:27:Infinity":7},"fnNames":{}}}
,"D:\\Task-Tracker\\backend\\src\\middlewares\\errorHandler.ts": {"path":"D:\\Task-Tracker\\backend\\src\\middlewares\\errorHandler.ts","statementMap":{"0":{"start":{"line":4,"column":13},"end":{"line":50,"column":null}},"1":{"start":{"line":10,"column":2},"end":{"line":16,"column":null}},"2":{"start":{"line":11,"column":4},"end":{"line":11,"column":null}},"3":{"start":{"line":12,"column":4},"end":{"line":15,"column":null}},"4":{"start":{"line":18,"column":2},"end":{"line":28,"column":null}},"5":{"start":{"line":19,"column":20},"end":{"line":22,"column":null}},"6":{"start":{"line":19,"column":48},"end":{"line":22,"column":6}},"7":{"start":{"line":23,"column":4},"end":{"line":23,"column":null}},"8":{"start":{"line":24,"column":4},"end":{"line":27,"column":null}},"9":{"start":{"line":30,"column":2},"end":{"line":40,"column":null}},"10":{"start":{"line":31,"column":20},"end":{"line":34,"column":null}},"11":{"start":{"line":31,"column":48},"end":{"line":34,"column":6}},"12":{"start":{"line":35,"column":4},"end":{"line":35,"column":null}},"13":{"start":{"line":36,"column":4},"end":{"line":39,"column":null}},"14":{"start":{"line":42,"column":2},"end":{"line":45,"column":null}},"15":{"start":{"line":47,"column":2},"end":{"line":49,"column":null}}},"fnMap":{"0":{"name":"(anonymous_0)","decl":{"start":{"line":4,"column":13},"end":{"line":4,"column":null}},"loc":{"start":{"line":9,"column":5},"end":{"line":50,"column":null}},"line":9},"1":{"name":"(anonymous_1)","decl":{"start":{"line":19,"column":31},"end":{"line":19,"column":36}},"loc":{"start":{"line":19,"column":48},"end":{"line":22,"column":6}},"line":19},"2":{"name":"(anonymous_2)","decl":{"start":{"line":31,"column":31},"end":{"line":31,"column":36}},"loc":{"start":{"line":31,"column":48},"end":{"line":34,"column":6}},"line":31}},"branchMap":{"0":{"loc":{"start":{"line":10,"column":2},"end":{"line":16,"column":null}},"type":"if","locations":[{"start":{"line":10,"column":2},"end":{"line":16,"column":null}},{"start":{},"end":{}}],"line":10},"1":{"loc":{"start":{"line":10,"column":6},"end":{"line":10,"column":49}},"type":"binary-expr","locations":[{"start":{"line":10,"column":6},"end":{"line":10,"column":13}},{"start":{"line":10,"column":13},"end":{"line":10,"column":49}}],"line":10},"2":{"loc":{"start":{"line":14,"column":14},"end":{"line":14,"column":null}},"type":"binary-expr","locations":[{"start":{"line":14,"column":14},"end":{"line":14,"column":29}},{"start":{"line":14,"column":29},"end":{"line":14,"column":null}}],"line":14},"3":{"loc":{"start":{"line":18,"column":2},"end":{"line":28,"column":null}},"type":"if","locations":[{"start":{"line":18,"column":2},"end":{"line":28,"column":null}},{"start":{},"end":{}}],"line":18},"4":{"loc":{"start":{"line":30,"column":2},"end":{"line":40,"column":null}},"type":"if","locations":[{"start":{"line":30,"column":2},"end":{"line":40,"column":null}},{"start":{},"end":{}}],"line":30},"5":{"loc":{"start":{"line":37,"column":15},"end":{"line":37,"column":null}},"type":"binary-expr","locations":[{"start":{"line":37,"column":15},"end":{"line":37,"column":30}},{"start":{"line":37,"column":30},"end":{"line":37,"column":null}}],"line":37}},"s":{"0":1,"1":5,"2":2,"3":2,"4":3,"5":1,"6":1,"7":1,"8":1,"9":2,"10":1,"11":1,"12":1,"13":1,"14":1,"15":1},"f":{"0":5,"1":1,"2":1},"b":{"0":[2,3],"1":[5,5],"2":[2,1],"3":[1,2],"4":[1,1],"5":[1,0]},"meta":{"lastBranch":6,"lastFunction":3,"lastStatement":16,"seen":{"s:4:13:50:Infinity":0,"f:4:13:4:Infinity":0,"b:10:2:16:Infinity:undefined:undefined:undefined:undefined":0,"s:10:2:16:Infinity":1,"b:10:6:10:13:10:13:10:49":1,"s:11:4:11:Infinity":2,"s:12:4:15:Infinity":3,"b:14:14:14:29:14:29:14:Infinity":2,"b:18:2:28:Infinity:undefined:undefined:undefined:undefined":3,"s:18:2:28:Infinity":4,"s:19:20:22:Infinity":5,"f:19:31:19:36":1,"s:19:48:22:6":6,"s:23:4:23:Infinity":7,"s:24:4:27:Infinity":8,"b:30:2:40:Infinity:undefined:undefined:undefined:undefined":4,"s:30:2:40:Infinity":9,"s:31:20:34:Infinity":10,"f:31:31:31:36":2,"s:31:48:34:6":11,"s:35:4:35:Infinity":12,"s:36:4:39:Infinity":13,"b:37:15:37:30:37:30:37:Infinity":5,"s:42:2:45:Infinity":14,"s:47:2:49:Infinity":15},"fnNames":{}}}
,"D:\\Task-Tracker\\backend\\src\\middlewares\\validate.middleware.ts": {"path":"D:\\Task-Tracker\\backend\\src\\middlewares\\validate.middleware.ts","statementMap":{"0":{"start":{"line":5,"column":13},"end":{"line":24,"column":null}},"1":{"start":{"line":6,"column":2},"end":{"line":23,"column":null}},"2":{"start":{"line":7,"column":19},"end":{"line":7,"column":null}},"3":{"start":{"line":8,"column":4},"end":{"line":10,"column":null}},"4":{"start":{"line":9,"column":6},"end":{"line":9,"column":null}},"5":{"start":{"line":12,"column":4},"end":{"line":20,"column":null}},"6":{"start":{"line":13,"column":6},"end":{"line":13,"column":null}},"7":{"start":{"line":15,"column":21},"end":{"line":15,"column":null}},"8":{"start":{"line":16,"column":6},"end":{"line":18,"column":null}},"9":{"start":{"line":17,"column":8},"end":{"line":17,"column":null}},"10":{"start":{"line":19,"column":6},"end":{"line":19,"column":null}},"11":{"start":{"line":22,"column":4},"end":{"line":22,"column":null}}},"fnMap":{"0":{"name":"(anonymous_0)","decl":{"start":{"line":5,"column":13},"end":{"line":5,"column":25}},"loc":{"start":{"line":5,"column":93},"end":{"line":24,"column":null}},"line":5},"1":{"name":"(anonymous_1)","decl":{"start":{"line":6,"column":9},"end":{"line":6,"column":16}},"loc":{"start":{"line":6,"column":68},"end":{"line":23,"column":null}},"line":6}},"branchMap":{"0":{"loc":{"start":{"line":5,"column":44},"end":{"line":5,"column":93}},"type":"default-arg","locations":[{"start":{"line":5,"column":82},"end":{"line":5,"column":93}}],"line":5},"1":{"loc":{"start":{"line":8,"column":4},"end":{"line":10,"column":null}},"type":"if","locations":[{"start":{"line":8,"column":4},"end":{"line":10,"column":null}},{"start":{},"end":{}}],"line":8},"2":{"loc":{"start":{"line":12,"column":4},"end":{"line":20,"column":null}},"type":"if","locations":[{"start":{"line":12,"column":4},"end":{"line":20,"column":null}},{"start":{"line":14,"column":11},"end":{"line":20,"column":null}}],"line":12}},"s":{"0":1,"1":2,"2":2,"3":2,"4":1,"5":1,"6":1,"7":0,"8":0,"9":0,"10":0,"11":1},"f":{"0":2,"1":2},"b":{"0":[2],"1":[1,1],"2":[1,0]},"meta":{"lastBranch":3,"lastFunction":2,"lastStatement":12,"seen":{"s:5:13:24:Infinity":0,"f:5:13:5:25":0,"b:5:82:5:93":0,"s:6:2:23:Infinity":1,"f:6:9:6:16":1,"s:7:19:7:Infinity":2,"b:8:4:10:Infinity:undefined:undefined:undefined:undefined":1,"s:8:4:10:Infinity":3,"s:9:6:9:Infinity":4,"b:12:4:20:Infinity:14:11:20:Infinity":2,"s:12:4:20:Infinity":5,"s:13:6:13:Infinity":6,"s:15:21:15:Infinity":7,"s:16:6:18:Infinity":8,"s:17:8:17:Infinity":9,"s:19:6:19:Infinity":10,"s:22:4:22:Infinity":11},"fnNames":{}}}
,"D:\\Task-Tracker\\backend\\src\\modules\\auth\\auth.service.ts": {"path":"D:\\Task-Tracker\\backend\\src\\modules\\auth\\auth.service.ts","statementMap":{"0":{"start":{"line":11,"column":4},"end":{"line":11,"column":null}},"1":{"start":{"line":19,"column":25},"end":{"line":21,"column":null}},"2":{"start":{"line":24,"column":4},"end":{"line":26,"column":null}},"3":{"start":{"line":25,"column":6},"end":{"line":25,"column":null}},"4":{"start":{"line":29,"column":30},"end":{"line":29,"column":null}},"5":{"start":{"line":33,"column":27},"end":{"line":33,"column":null}},"6":{"start":{"line":40,"column":17},"end":{"line":46,"column":null}},"7":{"start":{"line":48,"column":4},"end":{"line":48,"column":null}},"8":{"start":{"line":50,"column":4},"end":{"line":54,"column":null}},"9":{"start":{"line":58,"column":17},"end":{"line":60,"column":null}},"10":{"start":{"line":62,"column":4},"end":{"line":64,"column":null}},"11":{"start":{"line":63,"column":6},"end":{"line":63,"column":null}},"12":{"start":{"line":73,"column":4},"end":{"line":76,"column":null}},"13":{"start":{"line":78,"column":4},"end":{"line":83,"column":null}},"14":{"start":{"line":87,"column":4},"end":{"line":87,"column":null}},"15":{"start":{"line":88,"column":17},"end":{"line":90,"column":null}},"16":{"start":{"line":92,"column":4},"end":{"line":94,"column":null}},"17":{"start":{"line":93,"column":6},"end":{"line":93,"column":null}},"18":{"start":{"line":96,"column":28},"end":{"line":96,"column":null}},"19":{"start":{"line":97,"column":4},"end":{"line":99,"column":null}},"20":{"start":{"line":98,"column":6},"end":{"line":98,"column":null}},"21":{"start":{"line":101,"column":18},"end":{"line":109,"column":null}},"22":{"start":{"line":111,"column":4},"end":{"line":118,"column":null}}},"fnMap":{"0":{"name":"register","decl":{"start":{"line":10,"column":8},"end":{"line":10,"column":17}},"loc":{"start":{"line":10,"column":64},"end":{"line":55,"column":null}},"line":10},"1":{"name":"verifyEmail","decl":{"start":{"line":57,"column":8},"end":{"line":57,"column":20}},"loc":{"start":{"line":57,"column":35},"end":{"line":84,"column":null}},"line":57},"2":{"name":"login","decl":{"start":{"line":86,"column":8},"end":{"line":86,"column":14}},"loc":{"start":{"line":86,"column":47},"end":{"line":119,"column":null}},"line":86}},"branchMap":{"0":{"loc":{"start":{"line":24,"column":4},"end":{"line":26,"column":null}},"type":"if","locations":[{"start":{"line":24,"column":4},"end":{"line":26,"column":null}},{"start":{},"end":{}}],"line":24},"1":{"loc":{"start":{"line":62,"column":4},"end":{"line":64,"column":null}},"type":"if","locations":[{"start":{"line":62,"column":4},"end":{"line":64,"column":null}},{"start":{},"end":{}}],"line":62},"2":{"loc":{"start":{"line":92,"column":4},"end":{"line":94,"column":null}},"type":"if","locations":[{"start":{"line":92,"column":4},"end":{"line":94,"column":null}},{"start":{},"end":{}}],"line":92},"3":{"loc":{"start":{"line":97,"column":4},"end":{"line":99,"column":null}},"type":"if","locations":[{"start":{"line":97,"column":4},"end":{"line":99,"column":null}},{"start":{},"end":{}}],"line":97}},"s":{"0":3,"1":3,"2":3,"3":1,"4":2,"5":2,"6":2,"7":2,"8":2,"9":2,"10":2,"11":1,"12":1,"13":1,"14":4,"15":4,"16":4,"17":1,"18":3,"19":3,"20":1,"21":2,"22":2},"f":{"0":3,"1":2,"2":4},"b":{"0":[1,2],"1":[1,1],"2":[1,3],"3":[1,2]},"meta":{"lastBranch":4,"lastFunction":3,"lastStatement":23,"seen":{"f:10:8:10:17":0,"s:11:4:11:Infinity":0,"s:19:25:21:Infinity":1,"b:24:4:26:Infinity:undefined:undefined:undefined:undefined":0,"s:24:4:26:Infinity":2,"s:25:6:25:Infinity":3,"s:29:30:29:Infinity":4,"s:33:27:33:Infinity":5,"s:40:17:46:Infinity":6,"s:48:4:48:Infinity":7,"s:50:4:54:Infinity":8,"f:57:8:57:20":1,"s:58:17:60:Infinity":9,"b:62:4:64:Infinity:undefined:undefined:undefined:undefined":1,"s:62:4:64:Infinity":10,"s:63:6:63:Infinity":11,"s:73:4:76:Infinity":12,"s:78:4:83:Infinity":13,"f:86:8:86:14":2,"s:87:4:87:Infinity":14,"s:88:17:90:Infinity":15,"b:92:4:94:Infinity:undefined:undefined:undefined:undefined":2,"s:92:4:94:Infinity":16,"s:93:6:93:Infinity":17,"s:96:28:96:Infinity":18,"b:97:4:99:Infinity:undefined:undefined:undefined:undefined":3,"s:97:4:99:Infinity":19,"s:98:6:98:Infinity":20,"s:101:18:109:Infinity":21,"s:111:4:118:Infinity":22},"fnNames":{}}}
,"D:\\Task-Tracker\\backend\\src\\modules\\project\\project.service.ts": {"path":"D:\\Task-Tracker\\backend\\src\\modules\\project\\project.service.ts","statementMap":{"0":{"start":{"line":11,"column":21},"end":{"line":13,"column":null}},"1":{"start":{"line":15,"column":4},"end":{"line":17,"column":null}},"2":{"start":{"line":16,"column":6},"end":{"line":16,"column":null}},"3":{"start":{"line":21,"column":4},"end":{"line":37,"column":null}},"4":{"start":{"line":22,"column":22},"end":{"line":26,"column":null}},"5":{"start":{"line":28,"column":6},"end":{"line":28,"column":null}},"6":{"start":{"line":32,"column":6},"end":{"line":34,"column":null}},"7":{"start":{"line":33,"column":8},"end":{"line":33,"column":null}},"8":{"start":{"line":36,"column":6},"end":{"line":36,"column":null}},"9":{"start":{"line":41,"column":21},"end":{"line":68,"column":null}},"10":{"start":{"line":70,"column":4},"end":{"line":70,"column":null}},"11":{"start":{"line":74,"column":20},"end":{"line":76,"column":null}},"12":{"start":{"line":78,"column":4},"end":{"line":78,"column":null}},"13":{"start":{"line":89,"column":20},"end":{"line":89,"column":null}},"14":{"start":{"line":91,"column":4},"end":{"line":93,"column":null}},"15":{"start":{"line":92,"column":6},"end":{"line":92,"column":null}},"16":{"start":{"line":95,"column":4},"end":{"line":109,"column":null}},"17":{"start":{"line":99,"column":23},"end":{"line":104,"column":null}},"18":{"start":{"line":106,"column":6},"end":{"line":108,"column":null}},"19":{"start":{"line":107,"column":8},"end":{"line":107,"column":null}},"20":{"start":{"line":113,"column":4},"end":{"line":124,"column":null}},"21":{"start":{"line":114,"column":6},"end":{"line":114,"column":null}},"22":{"start":{"line":115,"column":6},"end":{"line":115,"column":null}},"23":{"start":{"line":119,"column":6},"end":{"line":121,"column":null}},"24":{"start":{"line":120,"column":8},"end":{"line":120,"column":null}},"25":{"start":{"line":123,"column":6},"end":{"line":123,"column":null}},"26":{"start":{"line":128,"column":20},"end":{"line":128,"column":null}},"27":{"start":{"line":130,"column":4},"end":{"line":132,"column":null}},"28":{"start":{"line":131,"column":6},"end":{"line":131,"column":null}},"29":{"start":{"line":134,"column":4},"end":{"line":134,"column":null}},"30":{"start":{"line":136,"column":4},"end":{"line":138,"column":null}}},"fnMap":{"0":{"name":"createProject","decl":{"start":{"line":6,"column":8},"end":{"line":6,"column":null}},"loc":{"start":{"line":10,"column":4},"end":{"line":38,"column":null}},"line":10},"1":{"name":"getProjectsByUser","decl":{"start":{"line":40,"column":8},"end":{"line":40,"column":26}},"loc":{"start":{"line":40,"column":42},"end":{"line":71,"column":null}},"line":40},"2":{"name":"getProjectByIdAndUser","decl":{"start":{"line":73,"column":8},"end":{"line":73,"column":30}},"loc":{"start":{"line":73,"column":65},"end":{"line":79,"column":null}},"line":73},"3":{"name":"updateProject","decl":{"start":{"line":81,"column":8},"end":{"line":81,"column":null}},"loc":{"start":{"line":88,"column":4},"end":{"line":125,"column":null}},"line":88},"4":{"name":"deleteProject","decl":{"start":{"line":127,"column":8},"end":{"line":127,"column":22}},"loc":{"start":{"line":127,"column":57},"end":{"line":139,"column":null}},"line":127}},"branchMap":{"0":{"loc":{"start":{"line":15,"column":4},"end":{"line":17,"column":null}},"type":"if","locations":[{"start":{"line":15,"column":4},"end":{"line":17,"column":null}},{"start":{},"end":{}}],"line":15},"1":{"loc":{"start":{"line":32,"column":6},"end":{"line":34,"column":null}},"type":"if","locations":[{"start":{"line":32,"column":6},"end":{"line":34,"column":null}},{"start":{},"end":{}}],"line":32},"2":{"loc":{"start":{"line":91,"column":4},"end":{"line":93,"column":null}},"type":"if","locations":[{"start":{"line":91,"column":4},"end":{"line":93,"column":null}},{"start":{},"end":{}}],"line":91},"3":{"loc":{"start":{"line":95,"column":4},"end":{"line":109,"column":null}},"type":"if","locations":[{"start":{"line":95,"column":4},"end":{"line":109,"column":null}},{"start":{},"end":{}}],"line":95},"4":{"loc":{"start":{"line":96,"column":6},"end":{"line":97,"column":null}},"type":"binary-expr","locations":[{"start":{"line":96,"column":6},"end":{"line":96,"column":null}},{"start":{"line":97,"column":6},"end":{"line":97,"column":null}}],"line":96},"5":{"loc":{"start":{"line":106,"column":6},"end":{"line":108,"column":null}},"type":"if","locations":[{"start":{"line":106,"column":6},"end":{"line":108,"column":null}},{"start":{},"end":{}}],"line":106},"6":{"loc":{"start":{"line":119,"column":6},"end":{"line":121,"column":null}},"type":"if","locations":[{"start":{"line":119,"column":6},"end":{"line":121,"column":null}},{"start":{},"end":{}}],"line":119},"7":{"loc":{"start":{"line":130,"column":4},"end":{"line":132,"column":null}},"type":"if","locations":[{"start":{"line":130,"column":4},"end":{"line":132,"column":null}},{"start":{},"end":{}}],"line":130}},"s":{"0":3,"1":3,"2":1,"3":2,"4":2,"5":1,"6":1,"7":1,"8":0,"9":1,"10":1,"11":6,"12":6,"13":4,"14":4,"15":1,"16":3,"17":3,"18":3,"19":1,"20":2,"21":2,"22":1,"23":1,"24":1,"25":0,"26":2,"27":2,"28":1,"29":1,"30":1},"f":{"0":3,"1":1,"2":6,"3":4,"4":2},"b":{"0":[1,2],"1":[1,0],"2":[1,3],"3":[3,0],"4":[3,3],"5":[1,2],"6":[1,0],"7":[1,1]},"meta":{"lastBranch":8,"lastFunction":5,"lastStatement":31,"seen":{"f:6:8:6:Infinity":0,"s:11:21:13:Infinity":0,"b:15:4:17:Infinity:undefined:undefined:undefined:undefined":0,"s:15:4:17:Infinity":1,"s:16:6:16:Infinity":2,"s:21:4:37:Infinity":3,"s:22:22:26:Infinity":4,"s:28:6:28:Infinity":5,"b:32:6:34:Infinity:undefined:undefined:undefined:undefined":1,"s:32:6:34:Infinity":6,"s:33:8:33:Infinity":7,"s:36:6:36:Infinity":8,"f:40:8:40:26":1,"s:41:21:68:Infinity":9,"s:70:4:70:Infinity":10,"f:73:8:73:30":2,"s:74:20:76:Infinity":11,"s:78:4:78:Infinity":12,"f:81:8:81:Infinity":3,"s:89:20:89:Infinity":13,"b:91:4:93:Infinity:undefined:undefined:undefined:undefined":2,"s:91:4:93:Infinity":14,"s:92:6:92:Infinity":15,"b:95:4:109:Infinity:undefined:undefined:undefined:undefined":3,"s:95:4:109:Infinity":16,"b:96:6:96:Infinity:97:6:97:Infinity":4,"s:99:23:104:Infinity":17,"b:106:6:108:Infinity:undefined:undefined:undefined:undefined":5,"s:106:6:108:Infinity":18,"s:107:8:107:Infinity":19,"s:113:4:124:Infinity":20,"s:114:6:114:Infinity":21,"s:115:6:115:Infinity":22,"b:119:6:121:Infinity:undefined:undefined:undefined:undefined":6,"s:119:6:121:Infinity":23,"s:120:8:120:Infinity":24,"s:123:6:123:Infinity":25,"f:127:8:127:22":4,"s:128:20:128:Infinity":26,"b:130:4:132:Infinity:undefined:undefined:undefined:undefined":7,"s:130:4:132:Infinity":27,"s:131:6:131:Infinity":28,"s:134:4:134:Infinity":29,"s:136:4:138:Infinity":30},"fnNames":{}}}
,"D:\\Task-Tracker\\backend\\src\\modules\\task\\task.service.ts": {"path":"D:\\Task-Tracker\\backend\\src\\modules\\task\\task.service.ts","statementMap":{"0":{"start":{"line":9,"column":33},"end":{"line":9,"column":null}},"1":{"start":{"line":11,"column":20},"end":{"line":13,"column":null}},"2":{"start":{"line":15,"column":4},"end":{"line":17,"column":null}},"3":{"start":{"line":16,"column":6},"end":{"line":16,"column":null}},"4":{"start":{"line":19,"column":21},"end":{"line":21,"column":null}},"5":{"start":{"line":23,"column":4},"end":{"line":25,"column":null}},"6":{"start":{"line":24,"column":6},"end":{"line":24,"column":null}},"7":{"start":{"line":30,"column":4},"end":{"line":47,"column":null}},"8":{"start":{"line":31,"column":19},"end":{"line":31,"column":null}},"9":{"start":{"line":32,"column":6},"end":{"line":36,"column":null}},"10":{"start":{"line":37,"column":6},"end":{"line":37,"column":null}},"11":{"start":{"line":40,"column":6},"end":{"line":44,"column":null}},"12":{"start":{"line":41,"column":8},"end":{"line":43,"column":null}},"13":{"start":{"line":46,"column":6},"end":{"line":46,"column":null}},"14":{"start":{"line":60,"column":20},"end":{"line":62,"column":null}},"15":{"start":{"line":64,"column":4},"end":{"line":66,"column":null}},"16":{"start":{"line":65,"column":6},"end":{"line":65,"column":null}},"17":{"start":{"line":68,"column":29},"end":{"line":68,"column":null}},"18":{"start":{"line":70,"column":4},"end":{"line":75,"column":null}},"19":{"start":{"line":71,"column":6},"end":{"line":74,"column":null}},"20":{"start":{"line":77,"column":4},"end":{"line":79,"column":null}},"21":{"start":{"line":78,"column":6},"end":{"line":78,"column":null}},"22":{"start":{"line":81,"column":4},"end":{"line":83,"column":null}},"23":{"start":{"line":82,"column":6},"end":{"line":82,"column":null}},"24":{"start":{"line":85,"column":4},"end":{"line":94,"column":null}},"25":{"start":{"line":86,"column":6},"end":{"line":88,"column":null}},"26":{"start":{"line":89,"column":6},"end":{"line":93,"column":null}},"27":{"start":{"line":96,"column":18},"end":{"line":111,"column":null}},"28":{"start":{"line":113,"column":4},"end":{"line":113,"column":null}},"29":{"start":{"line":117,"column":17},"end":{"line":117,"column":null}},"30":{"start":{"line":119,"column":4},"end":{"line":121,"column":null}},"31":{"start":{"line":120,"column":6},"end":{"line":120,"column":null}},"32":{"start":{"line":123,"column":20},"end":{"line":125,"column":null}},"33":{"start":{"line":127,"column":4},"end":{"line":129,"column":null}},"34":{"start":{"line":128,"column":6},"end":{"line":128,"column":null}},"35":{"start":{"line":131,"column":4},"end":{"line":131,"column":null}},"36":{"start":{"line":135,"column":17},"end":{"line":135,"column":null}},"37":{"start":{"line":137,"column":4},"end":{"line":139,"column":null}},"38":{"start":{"line":138,"column":6},"end":{"line":138,"column":null}},"39":{"start":{"line":144,"column":4},"end":{"line":158,"column":null}},"40":{"start":{"line":148,"column":23},"end":{"line":153,"column":null}},"41":{"start":{"line":155,"column":6},"end":{"line":157,"column":null}},"42":{"start":{"line":156,"column":8},"end":{"line":156,"column":null}},"43":{"start":{"line":160,"column":26},"end":{"line":160,"column":null}},"44":{"start":{"line":161,"column":25},"end":{"line":161,"column":null}},"45":{"start":{"line":163,"column":4},"end":{"line":188,"column":null}},"46":{"start":{"line":164,"column":6},"end":{"line":187,"column":null}},"47":{"start":{"line":165,"column":25},"end":{"line":165,"column":null}},"48":{"start":{"line":166,"column":25},"end":{"line":166,"column":null}},"49":{"start":{"line":168,"column":24},"end":{"line":168,"column":null}},"50":{"start":{"line":169,"column":8},"end":{"line":175,"column":null}},"51":{"start":{"line":170,"column":26},"end":{"line":170,"column":null}},"52":{"start":{"line":171,"column":26},"end":{"line":171,"column":null}},"53":{"start":{"line":172,"column":10},"end":{"line":172,"column":null}},"54":{"start":{"line":174,"column":10},"end":{"line":174,"column":null}},"55":{"start":{"line":177,"column":8},"end":{"line":186,"column":null}},"56":{"start":{"line":178,"column":10},"end":{"line":185,"column":null}},"57":{"start":{"line":192,"column":4},"end":{"line":208,"column":null}},"58":{"start":{"line":193,"column":6},"end":{"line":193,"column":null}},"59":{"start":{"line":194,"column":6},"end":{"line":196,"column":null}},"60":{"start":{"line":195,"column":8},"end":{"line":195,"column":null}},"61":{"start":{"line":197,"column":6},"end":{"line":197,"column":null}},"62":{"start":{"line":201,"column":6},"end":{"line":205,"column":null}},"63":{"start":{"line":202,"column":8},"end":{"line":204,"column":null}},"64":{"start":{"line":207,"column":6},"end":{"line":207,"column":null}},"65":{"start":{"line":212,"column":17},"end":{"line":212,"column":null}},"66":{"start":{"line":214,"column":4},"end":{"line":216,"column":null}},"67":{"start":{"line":215,"column":6},"end":{"line":215,"column":null}},"68":{"start":{"line":218,"column":4},"end":{"line":218,"column":null}},"69":{"start":{"line":220,"column":4},"end":{"line":222,"column":null}},"70":{"start":{"line":226,"column":17},"end":{"line":226,"column":null}},"71":{"start":{"line":227,"column":4},"end":{"line":229,"column":null}},"72":{"start":{"line":228,"column":6},"end":{"line":228,"column":null}},"73":{"start":{"line":231,"column":20},"end":{"line":241,"column":null}},"74":{"start":{"line":243,"column":4},"end":{"line":243,"column":null}}},"fnMap":{"0":{"name":"createTask","decl":{"start":{"line":8,"column":8},"end":{"line":8,"column":19}},"loc":{"start":{"line":8,"column":50},"end":{"line":48,"column":null}},"line":8},"1":{"name":"getTasksByProject","decl":{"start":{"line":50,"column":8},"end":{"line":50,"column":null}},"loc":{"start":{"line":59,"column":4},"end":{"line":114,"column":null}},"line":59},"2":{"name":"getTaskByIdAndUser","decl":{"start":{"line":116,"column":8},"end":{"line":116,"column":27}},"loc":{"start":{"line":116,"column":59},"end":{"line":132,"column":null}},"line":116},"3":{"name":"updateTask","decl":{"start":{"line":134,"column":8},"end":{"line":134,"column":19}},"loc":{"start":{"line":134,"column":68},"end":{"line":209,"column":null}},"line":134},"4":{"name":"deleteTask","decl":{"start":{"line":211,"column":8},"end":{"line":211,"column":19}},"loc":{"start":{"line":211,"column":51},"end":{"line":223,"column":null}},"line":211},"5":{"name":"getTaskHistory","decl":{"start":{"line":225,"column":8},"end":{"line":225,"column":23}},"loc":{"start":{"line":225,"column":55},"end":{"line":244,"column":null}},"line":225}},"branchMap":{"0":{"loc":{"start":{"line":15,"column":4},"end":{"line":17,"column":null}},"type":"if","locations":[{"start":{"line":15,"column":4},"end":{"line":17,"column":null}},{"start":{},"end":{}}],"line":15},"1":{"loc":{"start":{"line":23,"column":4},"end":{"line":25,"column":null}},"type":"if","locations":[{"start":{"line":23,"column":4},"end":{"line":25,"column":null}},{"start":{},"end":{}}],"line":23},"2":{"loc":{"start":{"line":40,"column":6},"end":{"line":44,"column":null}},"type":"if","locations":[{"start":{"line":40,"column":6},"end":{"line":44,"column":null}},{"start":{},"end":{}}],"line":40},"3":{"loc":{"start":{"line":53,"column":4},"end":{"line":58,"column":null}},"type":"default-arg","locations":[{"start":{"line":58,"column":8},"end":{"line":58,"column":null}}],"line":53},"4":{"loc":{"start":{"line":64,"column":4},"end":{"line":66,"column":null}},"type":"if","locations":[{"start":{"line":64,"column":4},"end":{"line":66,"column":null}},{"start":{},"end":{}}],"line":64},"5":{"loc":{"start":{"line":70,"column":4},"end":{"line":75,"column":null}},"type":"if","locations":[{"start":{"line":70,"column":4},"end":{"line":75,"column":null}},{"start":{},"end":{}}],"line":70},"6":{"loc":{"start":{"line":77,"column":4},"end":{"line":79,"column":null}},"type":"if","locations":[{"start":{"line":77,"column":4},"end":{"line":79,"column":null}},{"start":{},"end":{}}],"line":77},"7":{"loc":{"start":{"line":81,"column":4},"end":{"line":83,"column":null}},"type":"if","locations":[{"start":{"line":81,"column":4},"end":{"line":83,"column":null}},{"start":{},"end":{}}],"line":81},"8":{"loc":{"start":{"line":85,"column":4},"end":{"line":94,"column":null}},"type":"if","locations":[{"start":{"line":85,"column":4},"end":{"line":94,"column":null}},{"start":{},"end":{}}],"line":85},"9":{"loc":{"start":{"line":119,"column":4},"end":{"line":121,"column":null}},"type":"if","locations":[{"start":{"line":119,"column":4},"end":{"line":121,"column":null}},{"start":{},"end":{}}],"line":119},"10":{"loc":{"start":{"line":127,"column":4},"end":{"line":129,"column":null}},"type":"if","locations":[{"start":{"line":127,"column":4},"end":{"line":129,"column":null}},{"start":{},"end":{}}],"line":127},"11":{"loc":{"start":{"line":137,"column":4},"end":{"line":139,"column":null}},"type":"if","locations":[{"start":{"line":137,"column":4},"end":{"line":139,"column":null}},{"start":{},"end":{}}],"line":137},"12":{"loc":{"start":{"line":144,"column":4},"end":{"line":158,"column":null}},"type":"if","locations":[{"start":{"line":144,"column":4},"end":{"line":158,"column":null}},{"start":{},"end":{}}],"line":144},"13":{"loc":{"start":{"line":145,"column":6},"end":{"line":146,"column":null}},"type":"binary-expr","locations":[{"start":{"line":145,"column":6},"end":{"line":145,"column":null}},{"start":{"line":146,"column":6},"end":{"line":146,"column":null}}],"line":145},"14":{"loc":{"start":{"line":155,"column":6},"end":{"line":157,"column":null}},"type":"if","locations":[{"start":{"line":155,"column":6},"end":{"line":157,"column":null}},{"start":{},"end":{}}],"line":155},"15":{"loc":{"start":{"line":164,"column":6},"end":{"line":187,"column":null}},"type":"if","locations":[{"start":{"line":164,"column":6},"end":{"line":187,"column":null}},{"start":{},"end":{}}],"line":164},"16":{"loc":{"start":{"line":169,"column":8},"end":{"line":175,"column":null}},"type":"if","locations":[{"start":{"line":169,"column":8},"end":{"line":175,"column":null}},{"start":{"line":173,"column":15},"end":{"line":175,"column":null}}],"line":169},"17":{"loc":{"start":{"line":170,"column":26},"end":{"line":170,"column":null}},"type":"cond-expr","locations":[{"start":{"line":170,"column":37},"end":{"line":170,"column":68}},{"start":{"line":170,"column":68},"end":{"line":170,"column":null}}],"line":170},"18":{"loc":{"start":{"line":171,"column":26},"end":{"line":171,"column":null}},"type":"cond-expr","locations":[{"start":{"line":171,"column":37},"end":{"line":171,"column":68}},{"start":{"line":171,"column":68},"end":{"line":171,"column":null}}],"line":171},"19":{"loc":{"start":{"line":174,"column":29},"end":{"line":174,"column":43}},"type":"binary-expr","locations":[{"start":{"line":174,"column":29},"end":{"line":174,"column":41}},{"start":{"line":174,"column":41},"end":{"line":174,"column":43}}],"line":174},"20":{"loc":{"start":{"line":174,"column":56},"end":{"line":174,"column":70}},"type":"binary-expr","locations":[{"start":{"line":174,"column":56},"end":{"line":174,"column":68}},{"start":{"line":174,"column":68},"end":{"line":174,"column":70}}],"line":174},"21":{"loc":{"start":{"line":177,"column":8},"end":{"line":186,"column":null}},"type":"if","locations":[{"start":{"line":177,"column":8},"end":{"line":186,"column":null}},{"start":{},"end":{}}],"line":177},"22":{"loc":{"start":{"line":183,"column":22},"end":{"line":183,"column":null}},"type":"cond-expr","locations":[{"start":{"line":183,"column":68},"end":{"line":183,"column":87}},{"start":{"line":183,"column":87},"end":{"line":183,"column":null}}],"line":183},"23":{"loc":{"start":{"line":183,"column":22},"end":{"line":183,"column":68}},"type":"binary-expr","locations":[{"start":{"line":183,"column":22},"end":{"line":183,"column":43}},{"start":{"line":183,"column":43},"end":{"line":183,"column":68}}],"line":183},"24":{"loc":{"start":{"line":184,"column":22},"end":{"line":184,"column":null}},"type":"cond-expr","locations":[{"start":{"line":184,"column":68},"end":{"line":184,"column":87}},{"start":{"line":184,"column":87},"end":{"line":184,"column":null}}],"line":184},"25":{"loc":{"start":{"line":184,"column":22},"end":{"line":184,"column":68}},"type":"binary-expr","locations":[{"start":{"line":184,"column":22},"end":{"line":184,"column":43}},{"start":{"line":184,"column":43},"end":{"line":184,"column":68}}],"line":184},"26":{"loc":{"start":{"line":194,"column":6},"end":{"line":196,"column":null}},"type":"if","locations":[{"start":{"line":194,"column":6},"end":{"line":196,"column":null}},{"start":{},"end":{}}],"line":194},"27":{"loc":{"start":{"line":201,"column":6},"end":{"line":205,"column":null}},"type":"if","locations":[{"start":{"line":201,"column":6},"end":{"line":205,"column":null}},{"start":{},"end":{}}],"line":201},"28":{"loc":{"start":{"line":214,"column":4},"end":{"line":216,"column":null}},"type":"if","locations":[{"start":{"line":214,"column":4},"end":{"line":216,"column":null}},{"start":{},"end":{}}],"line":214},"29":{"loc":{"start":{"line":227,"column":4},"end":{"line":229,"column":null}},"type":"if","locations":[{"start":{"line":227,"column":4},"end":{"line":229,"column":null}},{"start":{},"end":{}}],"line":227}},"s":{"0":4,"1":4,"2":4,"3":1,"4":3,"5":3,"6":1,"7":2,"8":2,"9":1,"10":1,"11":1,"12":1,"13":0,"14":2,"15":2,"16":1,"17":1,"18":1,"19":1,"20":1,"21":1,"22":1,"23":1,"24":1,"25":1,"26":1,"27":1,"28":1,"29":7,"30":7,"31":2,"32":5,"33":5,"34":0,"35":5,"36":4,"37":4,"38":1,"39":3,"40":3,"41":3,"42":1,"43":2,"44":2,"45":2,"46":12,"47":3,"48":3,"49":3,"50":3,"51":0,"52":0,"53":0,"54":3,"55":3,"56":3,"57":2,"58":2,"59":1,"60":1,"61":1,"62":1,"63":1,"64":0,"65":2,"66":2,"67":1,"68":1,"69":1,"70":1,"71":1,"72":0,"73":1,"74":1},"f":{"0":4,"1":2,"2":7,"3":4,"4":2,"5":1},"b":{"0":[1,3],"1":[1,2],"2":[1,0],"3":[2],"4":[1,1],"5":[1,0],"6":[1,0],"7":[1,0],"8":[1,0],"9":[2,5],"10":[0,5],"11":[1,3],"12":[3,0],"13":[3,3],"14":[1,2],"15":[3,9],"16":[0,3],"17":[0,0],"18":[0,0],"19":[3,0],"20":[3,0],"21":[3,0],"22":[3,0],"23":[3,3],"24":[3,0],"25":[3,3],"26":[1,0],"27":[1,0],"28":[1,1],"29":[0,1]},"meta":{"lastBranch":30,"lastFunction":6,"lastStatement":75,"seen":{"f:8:8:8:19":0,"s:9:33:9:Infinity":0,"s:11:20:13:Infinity":1,"b:15:4:17:Infinity:undefined:undefined:undefined:undefined":0,"s:15:4:17:Infinity":2,"s:16:6:16:Infinity":3,"s:19:21:21:Infinity":4,"b:23:4:25:Infinity:undefined:undefined:undefined:undefined":1,"s:23:4:25:Infinity":5,"s:24:6:24:Infinity":6,"s:30:4:47:Infinity":7,"s:31:19:31:Infinity":8,"s:32:6:36:Infinity":9,"s:37:6:37:Infinity":10,"b:40:6:44:Infinity:undefined:undefined:undefined:undefined":2,"s:40:6:44:Infinity":11,"s:41:8:43:Infinity":12,"s:46:6:46:Infinity":13,"f:50:8:50:Infinity":1,"b:58:8:58:Infinity":3,"s:60:20:62:Infinity":14,"b:64:4:66:Infinity:undefined:undefined:undefined:undefined":4,"s:64:4:66:Infinity":15,"s:65:6:65:Infinity":16,"s:68:29:68:Infinity":17,"b:70:4:75:Infinity:undefined:undefined:undefined:undefined":5,"s:70:4:75:Infinity":18,"s:71:6:74:Infinity":19,"b:77:4:79:Infinity:undefined:undefined:undefined:undefined":6,"s:77:4:79:Infinity":20,"s:78:6:78:Infinity":21,"b:81:4:83:Infinity:undefined:undefined:undefined:undefined":7,"s:81:4:83:Infinity":22,"s:82:6:82:Infinity":23,"b:85:4:94:Infinity:undefined:undefined:undefined:undefined":8,"s:85:4:94:Infinity":24,"s:86:6:88:Infinity":25,"s:89:6:93:Infinity":26,"s:96:18:111:Infinity":27,"s:113:4:113:Infinity":28,"f:116:8:116:27":2,"s:117:17:117:Infinity":29,"b:119:4:121:Infinity:undefined:undefined:undefined:undefined":9,"s:119:4:121:Infinity":30,"s:120:6:120:Infinity":31,"s:123:20:125:Infinity":32,"b:127:4:129:Infinity:undefined:undefined:undefined:undefined":10,"s:127:4:129:Infinity":33,"s:128:6:128:Infinity":34,"s:131:4:131:Infinity":35,"f:134:8:134:19":3,"s:135:17:135:Infinity":36,"b:137:4:139:Infinity:undefined:undefined:undefined:undefined":11,"s:137:4:139:Infinity":37,"s:138:6:138:Infinity":38,"b:144:4:158:Infinity:undefined:undefined:undefined:undefined":12,"s:144:4:158:Infinity":39,"b:145:6:145:Infinity:146:6:146:Infinity":13,"s:148:23:153:Infinity":40,"b:155:6:157:Infinity:undefined:undefined:undefined:undefined":14,"s:155:6:157:Infinity":41,"s:156:8:156:Infinity":42,"s:160:26:160:Infinity":43,"s:161:25:161:Infinity":44,"s:163:4:188:Infinity":45,"b:164:6:187:Infinity:undefined:undefined:undefined:undefined":15,"s:164:6:187:Infinity":46,"s:165:25:165:Infinity":47,"s:166:25:166:Infinity":48,"s:168:24:168:Infinity":49,"b:169:8:175:Infinity:173:15:175:Infinity":16,"s:169:8:175:Infinity":50,"s:170:26:170:Infinity":51,"b:170:37:170:68:170:68:170:Infinity":17,"s:171:26:171:Infinity":52,"b:171:37:171:68:171:68:171:Infinity":18,"s:172:10:172:Infinity":53,"s:174:10:174:Infinity":54,"b:174:29:174:41:174:41:174:43":19,"b:174:56:174:68:174:68:174:70":20,"b:177:8:186:Infinity:undefined:undefined:undefined:undefined":21,"s:177:8:186:Infinity":55,"s:178:10:185:Infinity":56,"b:183:68:183:87:183:87:183:Infinity":22,"b:183:22:183:43:183:43:183:68":23,"b:184:68:184:87:184:87:184:Infinity":24,"b:184:22:184:43:184:43:184:68":25,"s:192:4:208:Infinity":57,"s:193:6:193:Infinity":58,"b:194:6:196:Infinity:undefined:undefined:undefined:undefined":26,"s:194:6:196:Infinity":59,"s:195:8:195:Infinity":60,"s:197:6:197:Infinity":61,"b:201:6:205:Infinity:undefined:undefined:undefined:undefined":27,"s:201:6:205:Infinity":62,"s:202:8:204:Infinity":63,"s:207:6:207:Infinity":64,"f:211:8:211:19":4,"s:212:17:212:Infinity":65,"b:214:4:216:Infinity:undefined:undefined:undefined:undefined":28,"s:214:4:216:Infinity":66,"s:215:6:215:Infinity":67,"s:218:4:218:Infinity":68,"s:220:4:222:Infinity":69,"f:225:8:225:23":5,"s:226:17:226:Infinity":70,"b:227:4:229:Infinity:undefined:undefined:undefined:undefined":29,"s:227:4:229:Infinity":71,"s:228:6:228:Infinity":72,"s:231:20:241:Infinity":73,"s:243:4:243:Infinity":74},"fnNames":{}}}
,"D:\\Task-Tracker\\backend\\src\\modules\\time-entry\\time-entry.service.ts": {"path":"D:\\Task-Tracker\\backend\\src\\modules\\time-entry\\time-entry.service.ts","statementMap":{"0":{"start":{"line":7,"column":17},"end":{"line":7,"column":null}},"1":{"start":{"line":8,"column":4},"end":{"line":10,"column":null}},"2":{"start":{"line":9,"column":6},"end":{"line":9,"column":null}},"3":{"start":{"line":12,"column":20},"end":{"line":14,"column":null}},"4":{"start":{"line":15,"column":4},"end":{"line":17,"column":null}},"5":{"start":{"line":16,"column":6},"end":{"line":16,"column":null}},"6":{"start":{"line":19,"column":4},"end":{"line":19,"column":null}},"7":{"start":{"line":23,"column":18},"end":{"line":23,"column":null}},"8":{"start":{"line":24,"column":4},"end":{"line":26,"column":null}},"9":{"start":{"line":25,"column":6},"end":{"line":25,"column":null}},"10":{"start":{"line":28,"column":17},"end":{"line":28,"column":null}},"11":{"start":{"line":29,"column":4},"end":{"line":31,"column":null}},"12":{"start":{"line":30,"column":6},"end":{"line":30,"column":null}},"13":{"start":{"line":33,"column":20},"end":{"line":35,"column":null}},"14":{"start":{"line":36,"column":4},"end":{"line":38,"column":null}},"15":{"start":{"line":37,"column":6},"end":{"line":37,"column":null}},"16":{"start":{"line":40,"column":4},"end":{"line":40,"column":null}},"17":{"start":{"line":44,"column":4},"end":{"line":44,"column":null}},"18":{"start":{"line":46,"column":22},"end":{"line":51,"column":null}},"19":{"start":{"line":53,"column":4},"end":{"line":62,"column":null}},"20":{"start":{"line":64,"column":4},"end":{"line":64,"column":null}},"21":{"start":{"line":72,"column":17},"end":{"line":72,"column":null}},"22":{"start":{"line":76,"column":24},"end":{"line":82,"column":null}},"23":{"start":{"line":87,"column":28},"end":{"line":90,"column":null}},"24":{"start":{"line":88,"column":22},"end":{"line":88,"column":null}},"25":{"start":{"line":93,"column":26},"end":{"line":93,"column":null}},"26":{"start":{"line":94,"column":24},"end":{"line":94,"column":null}},"27":{"start":{"line":95,"column":22},"end":{"line":95,"column":null}},"28":{"start":{"line":98,"column":4},"end":{"line":107,"column":null}},"29":{"start":{"line":100,"column":6},"end":{"line":106,"column":null}},"30":{"start":{"line":101,"column":8},"end":{"line":101,"column":null}},"31":{"start":{"line":102,"column":8},"end":{"line":102,"column":null}},"32":{"start":{"line":104,"column":8},"end":{"line":104,"column":null}},"33":{"start":{"line":105,"column":8},"end":{"line":105,"column":null}},"34":{"start":{"line":112,"column":4},"end":{"line":117,"column":null}},"35":{"start":{"line":121,"column":18},"end":{"line":121,"column":null}},"36":{"start":{"line":123,"column":24},"end":{"line":123,"column":null}},"37":{"start":{"line":124,"column":20},"end":{"line":124,"column":null}},"38":{"start":{"line":125,"column":20},"end":{"line":125,"column":null}},"39":{"start":{"line":127,"column":4},"end":{"line":131,"column":null}},"40":{"start":{"line":133,"column":4},"end":{"line":147,"column":null}},"41":{"start":{"line":149,"column":4},"end":{"line":149,"column":null}},"42":{"start":{"line":153,"column":18},"end":{"line":153,"column":null}},"43":{"start":{"line":154,"column":19},"end":{"line":154,"column":null}},"44":{"start":{"line":155,"column":21},"end":{"line":155,"column":null}},"45":{"start":{"line":156,"column":17},"end":{"line":156,"column":null}},"46":{"start":{"line":157,"column":17},"end":{"line":157,"column":null}},"47":{"start":{"line":159,"column":4},"end":{"line":159,"column":null}},"48":{"start":{"line":161,"column":4},"end":{"line":170,"column":null}},"49":{"start":{"line":172,"column":4},"end":{"line":172,"column":null}}},"fnMap":{"0":{"name":"verifyTaskAccess","decl":{"start":{"line":6,"column":16},"end":{"line":6,"column":33}},"loc":{"start":{"line":6,"column":80},"end":{"line":20,"column":null}},"line":6},"1":{"name":"verifyEntryAccess","decl":{"start":{"line":22,"column":16},"end":{"line":22,"column":34}},"loc":{"start":{"line":22,"column":87},"end":{"line":41,"column":null}},"line":22},"2":{"name":"createTimeEntry","decl":{"start":{"line":43,"column":8},"end":{"line":43,"column":24}},"loc":{"start":{"line":43,"column":67},"end":{"line":65,"column":null}},"line":43},"3":{"name":"getTimeEntriesForTask","decl":{"start":{"line":68,"column":8},"end":{"line":68,"column":30}},"loc":{"start":{"line":68,"column":62},"end":{"line":118,"column":null}},"line":68},"4":{"name":"(anonymous_4)","decl":{"start":{"line":87,"column":40},"end":{"line":87,"column":null}},"loc":{"start":{"line":88,"column":22},"end":{"line":88,"column":null}},"line":88},"5":{"name":"updateTimeEntry","decl":{"start":{"line":120,"column":8},"end":{"line":120,"column":24}},"loc":{"start":{"line":120,"column":68},"end":{"line":150,"column":null}},"line":120},"6":{"name":"deleteTimeEntry","decl":{"start":{"line":152,"column":8},"end":{"line":152,"column":24}},"loc":{"start":{"line":152,"column":57},"end":{"line":173,"column":null}},"line":152}},"branchMap":{"0":{"loc":{"start":{"line":8,"column":4},"end":{"line":10,"column":null}},"type":"if","locations":[{"start":{"line":8,"column":4},"end":{"line":10,"column":null}},{"start":{},"end":{}}],"line":8},"1":{"loc":{"start":{"line":15,"column":4},"end":{"line":17,"column":null}},"type":"if","locations":[{"start":{"line":15,"column":4},"end":{"line":17,"column":null}},{"start":{},"end":{}}],"line":15},"2":{"loc":{"start":{"line":24,"column":4},"end":{"line":26,"column":null}},"type":"if","locations":[{"start":{"line":24,"column":4},"end":{"line":26,"column":null}},{"start":{},"end":{}}],"line":24},"3":{"loc":{"start":{"line":29,"column":4},"end":{"line":31,"column":null}},"type":"if","locations":[{"start":{"line":29,"column":4},"end":{"line":31,"column":null}},{"start":{},"end":{}}],"line":29},"4":{"loc":{"start":{"line":36,"column":4},"end":{"line":38,"column":null}},"type":"if","locations":[{"start":{"line":36,"column":4},"end":{"line":38,"column":null}},{"start":{},"end":{}}],"line":36},"5":{"loc":{"start":{"line":50,"column":12},"end":{"line":50,"column":null}},"type":"binary-expr","locations":[{"start":{"line":50,"column":12},"end":{"line":50,"column":25}},{"start":{"line":50,"column":25},"end":{"line":50,"column":null}}],"line":50},"6":{"loc":{"start":{"line":98,"column":4},"end":{"line":107,"column":null}},"type":"if","locations":[{"start":{"line":98,"column":4},"end":{"line":107,"column":null}},{"start":{},"end":{}}],"line":98},"7":{"loc":{"start":{"line":98,"column":8},"end":{"line":98,"column":63}},"type":"binary-expr","locations":[{"start":{"line":98,"column":8},"end":{"line":98,"column":39}},{"start":{"line":98,"column":39},"end":{"line":98,"column":63}}],"line":98},"8":{"loc":{"start":{"line":100,"column":6},"end":{"line":106,"column":null}},"type":"if","locations":[{"start":{"line":100,"column":6},"end":{"line":106,"column":null}},{"start":{"line":103,"column":13},"end":{"line":106,"column":null}}],"line":100},"9":{"loc":{"start":{"line":128,"column":16},"end":{"line":128,"column":null}},"type":"cond-expr","locations":[{"start":{"line":128,"column":46},"end":{"line":128,"column":62}},{"start":{"line":128,"column":62},"end":{"line":128,"column":null}}],"line":128},"10":{"loc":{"start":{"line":129,"column":12},"end":{"line":129,"column":null}},"type":"cond-expr","locations":[{"start":{"line":129,"column":38},"end":{"line":129,"column":50}},{"start":{"line":129,"column":50},"end":{"line":129,"column":null}}],"line":129},"11":{"loc":{"start":{"line":130,"column":12},"end":{"line":130,"column":null}},"type":"cond-expr","locations":[{"start":{"line":130,"column":38},"end":{"line":130,"column":50}},{"start":{"line":130,"column":50},"end":{"line":130,"column":null}}],"line":130}},"s":{"0":6,"1":6,"2":1,"3":5,"4":5,"5":1,"6":4,"7":3,"8":3,"9":1,"10":2,"11":2,"12":0,"13":2,"14":2,"15":0,"16":2,"17":3,"18":1,"19":1,"20":1,"21":3,"22":3,"23":3,"24":5,"25":3,"26":3,"27":3,"28":3,"29":2,"30":1,"31":1,"32":1,"33":1,"34":3,"35":2,"36":1,"37":1,"38":1,"39":1,"40":1,"41":1,"42":1,"43":1,"44":1,"45":1,"46":1,"47":1,"48":1,"49":1},"f":{"0":6,"1":3,"2":3,"3":3,"4":5,"5":2,"6":1},"b":{"0":[1,5],"1":[1,4],"2":[1,2],"3":[0,2],"4":[0,2],"5":[1,0],"6":[2,1],"7":[3,3],"8":[1,1],"9":[1,0],"10":[0,1],"11":[0,1]},"meta":{"lastBranch":12,"lastFunction":7,"lastStatement":50,"seen":{"f:6:16:6:33":0,"s:7:17:7:Infinity":0,"b:8:4:10:Infinity:undefined:undefined:undefined:undefined":0,"s:8:4:10:Infinity":1,"s:9:6:9:Infinity":2,"s:12:20:14:Infinity":3,"b:15:4:17:Infinity:undefined:undefined:undefined:undefined":1,"s:15:4:17:Infinity":4,"s:16:6:16:Infinity":5,"s:19:4:19:Infinity":6,"f:22:16:22:34":1,"s:23:18:23:Infinity":7,"b:24:4:26:Infinity:undefined:undefined:undefined:undefined":2,"s:24:4:26:Infinity":8,"s:25:6:25:Infinity":9,"s:28:17:28:Infinity":10,"b:29:4:31:Infinity:undefined:undefined:undefined:undefined":3,"s:29:4:31:Infinity":11,"s:30:6:30:Infinity":12,"s:33:20:35:Infinity":13,"b:36:4:38:Infinity:undefined:undefined:undefined:undefined":4,"s:36:4:38:Infinity":14,"s:37:6:37:Infinity":15,"s:40:4:40:Infinity":16,"f:43:8:43:24":2,"s:44:4:44:Infinity":17,"s:46:22:51:Infinity":18,"b:50:12:50:25:50:25:50:Infinity":5,"s:53:4:62:Infinity":19,"s:64:4:64:Infinity":20,"f:68:8:68:30":3,"s:72:17:72:Infinity":21,"s:76:24:82:Infinity":22,"s:87:28:90:Infinity":23,"f:87:40:87:Infinity":4,"s:88:22:88:Infinity":24,"s:93:26:93:Infinity":25,"s:94:24:94:Infinity":26,"s:95:22:95:Infinity":27,"b:98:4:107:Infinity:undefined:undefined:undefined:undefined":6,"s:98:4:107:Infinity":28,"b:98:8:98:39:98:39:98:63":7,"b:100:6:106:Infinity:103:13:106:Infinity":8,"s:100:6:106:Infinity":29,"s:101:8:101:Infinity":30,"s:102:8:102:Infinity":31,"s:104:8:104:Infinity":32,"s:105:8:105:Infinity":33,"s:112:4:117:Infinity":34,"f:120:8:120:24":5,"s:121:18:121:Infinity":35,"s:123:24:123:Infinity":36,"s:124:20:124:Infinity":37,"s:125:20:125:Infinity":38,"s:127:4:131:Infinity":39,"b:128:46:128:62:128:62:128:Infinity":9,"b:129:38:129:50:129:50:129:Infinity":10,"b:130:38:130:50:130:50:130:Infinity":11,"s:133:4:147:Infinity":40,"s:149:4:149:Infinity":41,"f:152:8:152:24":6,"s:153:18:153:Infinity":42,"s:154:19:154:Infinity":43,"s:155:21:155:Infinity":44,"s:156:17:156:Infinity":45,"s:157:17:157:Infinity":46,"s:159:4:159:Infinity":47,"s:161:4:170:Infinity":48,"s:172:4:172:Infinity":49},"fnNames":{}}}
,"D:\\Task-Tracker\\backend\\src\\utils\\errors.ts": {"path":"D:\\Task-Tracker\\backend\\src\\utils\\errors.ts","statementMap":{"0":{"start":{"line":9,"column":4},"end":{"line":9,"column":null}},"1":{"start":{"line":5,"column":20},"end":{"line":5,"column":null}},"2":{"start":{"line":6,"column":20},"end":{"line":6,"column":null}},"3":{"start":{"line":7,"column":20},"end":{"line":7,"column":35}},"4":{"start":{"line":10,"column":4},"end":{"line":10,"column":null}},"5":{"start":{"line":11,"column":4},"end":{"line":11,"column":null}},"6":{"start":{"line":17,"column":4},"end":{"line":17,"column":null}},"7":{"start":{"line":23,"column":20},"end":{"line":26,"column":null}},"8":{"start":{"line":23,"column":52},"end":{"line":26,"column":6}},"9":{"start":{"line":27,"column":4},"end":{"line":27,"column":null}},"10":{"start":{"line":33,"column":4},"end":{"line":33,"column":null}},"11":{"start":{"line":39,"column":4},"end":{"line":39,"column":null}},"12":{"start":{"line":45,"column":4},"end":{"line":45,"column":null}},"13":{"start":{"line":51,"column":4},"end":{"line":51,"column":null}},"14":{"start":{"line":57,"column":4},"end":{"line":57,"column":null}}},"fnMap":{"0":{"name":"constructor","decl":{"start":{"line":4,"column":2},"end":{"line":4,"column":null}},"loc":{"start":{"line":8,"column":4},"end":{"line":12,"column":null}},"line":8},"1":{"name":"constructor_2","decl":{"start":{"line":16,"column":2},"end":{"line":16,"column":14}},"loc":{"start":{"line":16,"column":47},"end":{"line":18,"column":null}},"line":16},"2":{"name":"constructor_3","decl":{"start":{"line":22,"column":2},"end":{"line":22,"column":14}},"loc":{"start":{"line":22,"column":34},"end":{"line":28,"column":null}},"line":22},"3":{"name":"(anonymous_3)","decl":{"start":{"line":23,"column":36},"end":{"line":23,"column":41}},"loc":{"start":{"line":23,"column":52},"end":{"line":26,"column":6}},"line":23},"4":{"name":"constructor_4","decl":{"start":{"line":32,"column":2},"end":{"line":32,"column":14}},"loc":{"start":{"line":32,"column":48},"end":{"line":34,"column":null}},"line":32},"5":{"name":"constructor_5","decl":{"start":{"line":38,"column":2},"end":{"line":38,"column":14}},"loc":{"start":{"line":38,"column":45},"end":{"line":40,"column":null}},"line":38},"6":{"name":"constructor_6","decl":{"start":{"line":44,"column":2},"end":{"line":44,"column":14}},"loc":{"start":{"line":44,"column":45},"end":{"line":46,"column":null}},"line":44},"7":{"name":"constructor_7","decl":{"start":{"line":50,"column":2},"end":{"line":50,"column":14}},"loc":{"start":{"line":50,"column":44},"end":{"line":52,"column":null}},"line":50},"8":{"name":"constructor_8","decl":{"start":{"line":56,"column":2},"end":{"line":56,"column":14}},"loc":{"start":{"line":56,"column":57},"end":{"line":58,"column":null}},"line":56}},"branchMap":{"0":{"loc":{"start":{"line":7,"column":4},"end":{"line":7,"column":null}},"type":"default-arg","locations":[{"start":{"line":7,"column":35},"end":{"line":7,"column":null}}],"line":7},"1":{"loc":{"start":{"line":16,"column":14},"end":{"line":16,"column":47}},"type":"default-arg","locations":[{"start":{"line":16,"column":32},"end":{"line":16,"column":47}}],"line":16},"2":{"loc":{"start":{"line":32,"column":14},"end":{"line":32,"column":48}},"type":"default-arg","locations":[{"start":{"line":32,"column":32},"end":{"line":32,"column":48}}],"line":32},"3":{"loc":{"start":{"line":38,"column":14},"end":{"line":38,"column":45}},"type":"default-arg","locations":[{"start":{"line":38,"column":32},"end":{"line":38,"column":45}}],"line":38},"4":{"loc":{"start":{"line":44,"column":14},"end":{"line":44,"column":45}},"type":"default-arg","locations":[{"start":{"line":44,"column":32},"end":{"line":44,"column":45}}],"line":44},"5":{"loc":{"start":{"line":50,"column":14},"end":{"line":50,"column":44}},"type":"default-arg","locations":[{"start":{"line":50,"column":32},"end":{"line":50,"column":44}}],"line":50},"6":{"loc":{"start":{"line":56,"column":14},"end":{"line":56,"column":57}},"type":"default-arg","locations":[{"start":{"line":56,"column":32},"end":{"line":56,"column":57}}],"line":56}},"s":{"0":45,"1":45,"2":45,"3":45,"4":45,"5":45,"6":2,"7":2,"8":2,"9":2,"10":6,"11":2,"12":19,"13":14,"14":0},"f":{"0":45,"1":2,"2":2,"3":2,"4":6,"5":2,"6":19,"7":14,"8":0},"b":{"0":[45],"1":[2],"2":[6],"3":[2],"4":[19],"5":[14],"6":[0]},"meta":{"lastBranch":7,"lastFunction":9,"lastStatement":15,"seen":{"f:4:2:4:Infinity":0,"b:7:35:7:Infinity":0,"s:9:4:9:Infinity":0,"s:5:20:5:Infinity":1,"s:6:20:6:Infinity":2,"s:7:20:7:35":3,"s:10:4:10:Infinity":4,"s:11:4:11:Infinity":5,"f:16:2:16:14":1,"b:16:32:16:47":1,"s:17:4:17:Infinity":6,"f:22:2:22:14":2,"s:23:20:26:Infinity":7,"f:23:36:23:41":3,"s:23:52:26:6":8,"s:27:4:27:Infinity":9,"f:32:2:32:14":4,"b:32:32:32:48":2,"s:33:4:33:Infinity":10,"f:38:2:38:14":5,"b:38:32:38:45":3,"s:39:4:39:Infinity":11,"f:44:2:44:14":6,"b:44:32:44:45":4,"s:45:4:45:Infinity":12,"f:50:2:50:14":7,"b:50:32:50:44":5,"s:51:4:51:Infinity":13,"f:56:2:56:14":8,"b:56:32:56:57":6,"s:57:4:57:Infinity":14},"fnNames":{}}}
,"D:\\Task-Tracker\\backend\\src\\utils\\logger.ts": {"path":"D:\\Task-Tracker\\backend\\src\\utils\\logger.ts","statementMap":{"0":{"start":{"line":3,"column":21},"end":{"line":37,"column":null}},"1":{"start":{"line":7,"column":18},"end":{"line":7,"column":null}},"2":{"start":{"line":8,"column":18},"end":{"line":8,"column":null}},"3":{"start":{"line":12,"column":8},"end":{"line":25,"column":null}},"4":{"start":{"line":13,"column":4},"end":{"line":13,"column":null}},"5":{"start":{"line":13,"column":41},"end":{"line":13,"column":null}},"6":{"start":{"line":14,"column":4},"end":{"line":23,"column":null}},"7":{"start":{"line":15,"column":23},"end":{"line":15,"column":null}},"8":{"start":{"line":16,"column":6},"end":{"line":22,"column":null}},"9":{"start":{"line":16,"column":35},"end":{"line":16,"column":60}},"10":{"start":{"line":17,"column":8},"end":{"line":17,"column":null}},"11":{"start":{"line":20,"column":11},"end":{"line":22,"column":null}},"12":{"start":{"line":21,"column":8},"end":{"line":21,"column":null}},"13":{"start":{"line":24,"column":4},"end":{"line":24,"column":null}},"14":{"start":{"line":28,"column":2},"end":{"line":33,"column":null}},"15":{"start":{"line":29,"column":4},"end":{"line":32,"column":null}},"16":{"start":{"line":30,"column":20},"end":{"line":30,"column":null}},"17":{"start":{"line":31,"column":6},"end":{"line":31,"column":null}},"18":{"start":{"line":35,"column":2},"end":{"line":35,"column":null}},"19":{"start":{"line":36,"column":2},"end":{"line":36,"column":null}},"20":{"start":{"line":39,"column":6},"end":{"line":39,"column":null}},"21":{"start":{"line":43,"column":15},"end":{"line":59,"column":null}},"22":{"start":{"line":55,"column":24},"end":{"line":55,"column":null}},"23":{"start":{"line":56,"column":8},"end":{"line":56,"column":null}},"24":{"start":{"line":63,"column":19},"end":{"line":63,"column":null}},"25":{"start":{"line":66,"column":22},"end":{"line":70,"column":null}}},"fnMap":{"0":{"name":"(anonymous_0)","decl":{"start":{"line":3,"column":29},"end":{"line":3,"column":37}},"loc":{"start":{"line":3,"column":46},"end":{"line":37,"column":1}},"line":3},"1":{"name":"(anonymous_1)","decl":{"start":{"line":12,"column":8},"end":{"line":12,"column":16}},"loc":{"start":{"line":12,"column":34},"end":{"line":25,"column":null}},"line":12},"2":{"name":"(anonymous_2)","decl":{"start":{"line":16,"column":18},"end":{"line":16,"column":24}},"loc":{"start":{"line":16,"column":35},"end":{"line":16,"column":60}},"line":16},"3":{"name":"(anonymous_3)","decl":{"start":{"line":54,"column":21},"end":{"line":54,"column":29}},"loc":{"start":{"line":54,"column":72},"end":{"line":57,"column":7}},"line":54}},"branchMap":{"0":{"loc":{"start":{"line":13,"column":4},"end":{"line":13,"column":null}},"type":"if","locations":[{"start":{"line":13,"column":4},"end":{"line":13,"column":null}},{"start":{},"end":{}}],"line":13},"1":{"loc":{"start":{"line":13,"column":8},"end":{"line":13,"column":41}},"type":"binary-expr","locations":[{"start":{"line":13,"column":8},"end":{"line":13,"column":16}},{"start":{"line":13,"column":16},"end":{"line":13,"column":41}}],"line":13},"2":{"loc":{"start":{"line":16,"column":6},"end":{"line":22,"column":null}},"type":"if","locations":[{"start":{"line":16,"column":6},"end":{"line":22,"column":null}},{"start":{"line":20,"column":11},"end":{"line":22,"column":null}}],"line":16},"3":{"loc":{"start":{"line":20,"column":11},"end":{"line":22,"column":null}},"type":"if","locations":[{"start":{"line":20,"column":11},"end":{"line":22,"column":null}},{"start":{},"end":{}}],"line":20},"4":{"loc":{"start":{"line":28,"column":2},"end":{"line":33,"column":null}},"type":"if","locations":[{"start":{"line":28,"column":2},"end":{"line":33,"column":null}},{"start":{},"end":{}}],"line":28},"5":{"loc":{"start":{"line":46,"column":2},"end":{"line":58,"column":null}},"type":"cond-expr","locations":[{"start":{"line":47,"column":6},"end":{"line":47,"column":null}},{"start":{"line":48,"column":6},"end":{"line":58,"column":null}}],"line":46},"6":{"loc":{"start":{"line":55,"column":24},"end":{"line":55,"column":null}},"type":"cond-expr","locations":[{"start":{"line":55,"column":51},"end":{"line":55,"column":80}},{"start":{"line":55,"column":80},"end":{"line":55,"column":null}}],"line":55},"7":{"loc":{"start":{"line":67,"column":9},"end":{"line":67,"column":null}},"type":"binary-expr","locations":[{"start":{"line":67,"column":9},"end":{"line":67,"column":34}},{"start":{"line":67,"column":34},"end":{"line":67,"column":null}}],"line":67}},"s":{"0":2,"1":8,"2":8,"3":8,"4":17,"5":1,"6":16,"7":52,"8":52,"9":235,"10":9,"11":43,"12":9,"13":16,"14":8,"15":8,"16":40,"17":40,"18":8,"19":8,"20":2,"21":2,"22":8,"23":8,"24":2,"25":2},"f":{"0":8,"1":17,"2":235,"3":8},"b":{"0":[1,16],"1":[17,16],"2":[9,43],"3":[9,34],"4":[8,0],"5":[0,2],"6":[7,1],"7":[2,2]},"meta":{"lastBranch":8,"lastFunction":4,"lastStatement":26,"seen":{"s:3:21:37:Infinity":0,"f:3:29:3:37":0,"s:7:18:7:Infinity":1,"s:8:18:8:Infinity":2,"s:12:8:25:Infinity":3,"f:12:8:12:16":1,"b:13:4:13:Infinity:undefined:undefined:undefined:undefined":0,"s:13:4:13:Infinity":4,"b:13:8:13:16:13:16:13:41":1,"s:13:41:13:Infinity":5,"s:14:4:23:Infinity":6,"s:15:23:15:Infinity":7,"b:16:6:22:Infinity:20:11:22:Infinity":2,"s:16:6:22:Infinity":8,"f:16:18:16:24":2,"s:16:35:16:60":9,"s:17:8:17:Infinity":10,"b:20:11:22:Infinity:undefined:undefined:undefined:undefined":3,"s:20:11:22:Infinity":11,"s:21:8:21:Infinity":12,"s:24:4:24:Infinity":13,"b:28:2:33:Infinity:undefined:undefined:undefined:undefined":4,"s:28:2:33:Infinity":14,"s:29:4:32:Infinity":15,"s:30:20:30:Infinity":16,"s:31:6:31:Infinity":17,"s:35:2:35:Infinity":18,"s:36:2:36:Infinity":19,"s:39:6:39:Infinity":20,"s:43:15:59:Infinity":21,"b:47:6:47:Infinity:48:6:58:Infinity":5,"f:54:21:54:29":3,"s:55:24:55:Infinity":22,"b:55:51:55:80:55:80:55:Infinity":6,"s:56:8:56:Infinity":23,"s:63:19:63:Infinity":24,"s:66:22:70:Infinity":25,"b:67:9:67:34:67:34:67:Infinity":7},"fnNames":{}}}
}
